<?xml version="1.0" encoding="UTF-8"?>
<!-- Generated by org.testng.reporters.JUnitXMLReporter -->
<testsuite hostname="DESKTOP-QGIA4I3" ignored="1" name="Default test" tests="3" failures="0" timestamp="22 Mar 2021 07:01:03 GMT" time="0.091" errors="0">
  <testcase name="retry" time="0.018" classname="TestNGConcept.FailedTest"/>
  <testcase name="retrydiu" time="0.003" classname="TestNGConcept.FailedTest"/>
  <testcase name="retryidu" time="0.002" classname="TestNGConcept.FailedTest"/>
  <testcase name="retryiu" time="0.0" classname="TestNGConcept.FailedTest">
    <ignored/>
  </testcase> <!-- retryiu -->
</testsuite> <!-- Default test -->
