<?xml version="1.0" encoding="UTF-8"?>
<!-- Generated by org.testng.reporters.JUnitXMLReporter -->
<testsuite hostname="DESKTOP-QGIA4I3" ignored="9" tests="0" failures="0" timestamp="22 Mar 2021 07:22:06 GMT" time="0.019" errors="0">
  <testcase name="retry" time="0.0" classname="TestNGConcept.FailedTest">
    <ignored/>
  </testcase> <!-- retry -->
  <testcase name="retryidu" time="0.0" classname="TestNGConcept.FailedTest">
    <ignored/>
  </testcase> <!-- retryidu -->
  <testcase name="retrssyidu" time="0.0" classname="TestNGConcept.FailedTest">
    <ignored/>
  </testcase> <!-- retrssyidu -->
  <testcase name="retryiu" time="0.0" classname="TestNGConcept.FailedTest">
    <ignored/>
  </testcase> <!-- retryiu -->
  <testcase name="retrssyidu" time="0.0" classname="TestNGConcept.GroupingConcept">
    <ignored/>
  </testcase> <!-- retrssyidu -->
  <testcase name="retryidu" time="0.0" classname="TestNGConcept.GroupingConcept">
    <ignored/>
  </testcase> <!-- retryidu -->
  <testcase name="retryiu" time="0.0" classname="TestNGConcept.GroupingConcept">
    <ignored/>
  </testcase> <!-- retryiu -->
  <testcase name="retrydiu" time="0.0" classname="TestNGConcept.FailedTest">
    <ignored/>
  </testcase> <!-- retrydiu -->
  <testcase name="retrydiu" time="0.0" classname="TestNGConcept.GroupingConcept">
    <ignored/>
  </testcase> <!-- retrydiu -->
</testsuite>
