<?xml version="1.0" encoding="UTF-8"?>
<!-- Generated by org.testng.reporters.JUnitXMLReporter -->
<testsuite hostname="DESKTOP-QGIA4I3" ignored="0" name="Default test(failed)" tests="1" failures="1" timestamp="22 Mar 2021 06:11:31 GMT" time="0.121" errors="0">
  <testcase name="retry" time="0.027" classname="TestNGConcept.FailedTest">
    <failure type="java.lang.ArithmeticException" message="/ by zero">
      <![CDATA[java.lang.ArithmeticException: / by zero
at TestNGConcept.FailedTest.retry(FailedTest.java:17)
... Removed 25 stack frames]]>
    </failure>
  </testcase> <!-- retry -->
</testsuite> <!-- Default test(failed) -->
